<?xml version="1.0" encoding="UTF-8"?>
<testng-results ignored="0" total="3" passed="3" failed="0" skipped="0">
  <reporter-output>
  </reporter-output>
  <suite started-at="2019-04-05T18:19:18Z" name="Default suite" finished-at="2019-04-05T18:19:18Z" duration-ms="31">
    <groups>
    </groups>
    <test started-at="2019-04-05T18:19:18Z" name="Default test" finished-at="2019-04-05T18:19:18Z" duration-ms="31">
      <class name="testClasses.TestNG_DataProviders">
        <test-method signature="testMethod1(java.lang.String, java.lang.String)[pri:0, instance:testClasses.TestNG_DataProviders@4d1c00d0]" started-at="2019-04-05T18:19:18Z" name="testMethod1" data-provider="inputs" finished-at="2019-04-05T18:19:18Z" duration-ms="6" status="PASS">
          <params>
            <param index="0">
              <value>
                <![CDATA[bmw]]>
              </value>
            </param>
            <param index="1">
              <value>
                <![CDATA[m3]]>
              </value>
            </param>
          </params>
          <reporter-output>
          </reporter-output>
        </test-method> <!-- testMethod1 -->
        <test-method signature="testMethod1(java.lang.String, java.lang.String)[pri:0, instance:testClasses.TestNG_DataProviders@4d1c00d0]" started-at="2019-04-05T18:19:18Z" name="testMethod1" data-provider="inputs" finished-at="2019-04-05T18:19:18Z" duration-ms="1" status="PASS">
          <params>
            <param index="0">
              <value>
                <![CDATA[audi]]>
              </value>
            </param>
            <param index="1">
              <value>
                <![CDATA[a6]]>
              </value>
            </param>
          </params>
          <reporter-output>
          </reporter-output>
        </test-method> <!-- testMethod1 -->
        <test-method signature="testMethod1(java.lang.String, java.lang.String)[pri:0, instance:testClasses.TestNG_DataProviders@4d1c00d0]" started-at="2019-04-05T18:19:18Z" name="testMethod1" data-provider="inputs" finished-at="2019-04-05T18:19:18Z" duration-ms="1" status="PASS">
          <params>
            <param index="0">
              <value>
                <![CDATA[benz]]>
              </value>
            </param>
            <param index="1">
              <value>
                <![CDATA[c300]]>
              </value>
            </param>
          </params>
          <reporter-output>
          </reporter-output>
        </test-method> <!-- testMethod1 -->
      </class> <!-- testClasses.TestNG_DataProviders -->
    </test> <!-- Default test -->
  </suite> <!-- Default suite -->
</testng-results>
