<?xml version="1.0" encoding="UTF-8"?>
<testng-results ignored="0" total="4" passed="4" failed="0" skipped="0">
  <reporter-output>
  </reporter-output>
  <suite started-at="2019-04-05T05:05:37Z" name="Complete TestSuite" finished-at="2019-04-05T05:05:37Z" duration-ms="93">
    <groups>
    </groups>
    <test started-at="2019-04-05T05:05:37Z" name="Application Test 1" finished-at="2019-04-05T05:05:37Z" duration-ms="22">
      <class name="regressionsuite.TestNG_TestClass1">
        <test-method is-config="true" signature="beforeTest()[pri:0, instance:regressionsuite.TestNG_TestClass1@6f4a47c7]" started-at="2019-04-05T05:05:37Z" name="beforeTest" finished-at="2019-04-05T05:05:37Z" duration-ms="1" status="PASS">
          <reporter-output>
          </reporter-output>
        </test-method> <!-- beforeTest -->
        <test-method is-config="true" signature="beforeClass()[pri:0, instance:regressionsuite.TestNG_TestClass1@6f4a47c7]" started-at="2019-04-05T05:05:37Z" name="beforeClass" finished-at="2019-04-05T05:05:37Z" duration-ms="0" status="PASS">
          <reporter-output>
          </reporter-output>
        </test-method> <!-- beforeClass -->
        <test-method is-config="true" signature="setUp()[pri:0, instance:regressionsuite.TestNG_TestClass1@6f4a47c7]" started-at="2019-04-05T05:05:37Z" name="setUp" finished-at="2019-04-05T05:05:37Z" duration-ms="1" status="PASS">
          <reporter-output>
          </reporter-output>
        </test-method> <!-- setUp -->
        <test-method signature="testMethod1()[pri:0, instance:regressionsuite.TestNG_TestClass1@6f4a47c7]" started-at="2019-04-05T05:05:37Z" name="testMethod1" finished-at="2019-04-05T05:05:37Z" duration-ms="4" status="PASS">
          <reporter-output>
          </reporter-output>
        </test-method> <!-- testMethod1 -->
        <test-method is-config="true" signature="beforeMethod()[pri:0, instance:regressionsuite.TestNG_TestClass1@6f4a47c7]" started-at="2019-04-05T05:05:37Z" name="beforeMethod" finished-at="2019-04-05T05:05:37Z" duration-ms="0" status="PASS">
          <reporter-output>
          </reporter-output>
        </test-method> <!-- beforeMethod -->
        <test-method is-config="true" signature="afterMethod()[pri:0, instance:regressionsuite.TestNG_TestClass1@6f4a47c7]" started-at="2019-04-05T05:05:37Z" name="afterMethod" finished-at="2019-04-05T05:05:37Z" duration-ms="0" status="PASS">
          <reporter-output>
          </reporter-output>
        </test-method> <!-- afterMethod -->
        <test-method is-config="true" signature="beforeMethod()[pri:0, instance:regressionsuite.TestNG_TestClass1@6f4a47c7]" started-at="2019-04-05T05:05:37Z" name="beforeMethod" finished-at="2019-04-05T05:05:37Z" duration-ms="1" status="PASS">
          <reporter-output>
          </reporter-output>
        </test-method> <!-- beforeMethod -->
        <test-method signature="testMethod2()[pri:0, instance:regressionsuite.TestNG_TestClass1@6f4a47c7]" started-at="2019-04-05T05:05:37Z" name="testMethod2" finished-at="2019-04-05T05:05:37Z" duration-ms="1" status="PASS">
          <reporter-output>
          </reporter-output>
        </test-method> <!-- testMethod2 -->
        <test-method is-config="true" signature="cleanUp()[pri:0, instance:regressionsuite.TestNG_TestClass1@6f4a47c7]" started-at="2019-04-05T05:05:37Z" name="cleanUp" finished-at="2019-04-05T05:05:37Z" duration-ms="0" status="PASS">
          <reporter-output>
          </reporter-output>
        </test-method> <!-- cleanUp -->
        <test-method is-config="true" signature="afterMethod()[pri:0, instance:regressionsuite.TestNG_TestClass1@6f4a47c7]" started-at="2019-04-05T05:05:37Z" name="afterMethod" finished-at="2019-04-05T05:05:37Z" duration-ms="0" status="PASS">
          <reporter-output>
          </reporter-output>
        </test-method> <!-- afterMethod -->
        <test-method is-config="true" signature="afterClass()[pri:0, instance:regressionsuite.TestNG_TestClass1@6f4a47c7]" started-at="2019-04-05T05:05:37Z" name="afterClass" finished-at="2019-04-05T05:05:37Z" duration-ms="0" status="PASS">
          <reporter-output>
          </reporter-output>
        </test-method> <!-- afterClass -->
        <test-method is-config="true" signature="afterTest()[pri:0, instance:regressionsuite.TestNG_TestClass1@6f4a47c7]" started-at="2019-04-05T05:05:37Z" name="afterTest" finished-at="2019-04-05T05:05:37Z" duration-ms="0" status="PASS">
          <reporter-output>
          </reporter-output>
        </test-method> <!-- afterTest -->
      </class> <!-- regressionsuite.TestNG_TestClass1 -->
    </test> <!-- Application Test 1 -->
    <test started-at="2019-04-05T05:05:37Z" name="Application Test 2" finished-at="2019-04-05T05:05:37Z" duration-ms="8">
      <class name="regressionsuite.TestNG_TestClass2">
        <test-method is-config="true" signature="beforeSuite()[pri:0, instance:regressionsuite.TestNG_TestClass2@7494f96a]" started-at="2019-04-05T05:05:37Z" name="beforeSuite" finished-at="2019-04-05T05:05:37Z" duration-ms="8" status="PASS">
          <reporter-output>
          </reporter-output>
        </test-method> <!-- beforeSuite -->
        <test-method is-config="true" signature="beforeClass()[pri:0, instance:regressionsuite.TestNG_TestClass2@7494f96a]" started-at="2019-04-05T05:05:37Z" name="beforeClass" finished-at="2019-04-05T05:05:37Z" duration-ms="0" status="PASS">
          <reporter-output>
          </reporter-output>
        </test-method> <!-- beforeClass -->
        <test-method is-config="true" signature="setUp()[pri:0, instance:regressionsuite.TestNG_TestClass2@7494f96a]" started-at="2019-04-05T05:05:37Z" name="setUp" finished-at="2019-04-05T05:05:37Z" duration-ms="1" status="PASS">
          <reporter-output>
          </reporter-output>
        </test-method> <!-- setUp -->
        <test-method is-config="true" signature="beforeTest()[pri:0, instance:regressionsuite.TestNG_TestClass2@7494f96a]" started-at="2019-04-05T05:05:37Z" name="beforeTest" finished-at="2019-04-05T05:05:37Z" duration-ms="0" status="PASS">
          <reporter-output>
          </reporter-output>
        </test-method> <!-- beforeTest -->
        <test-method signature="testMethod1()[pri:0, instance:regressionsuite.TestNG_TestClass2@7494f96a]" started-at="2019-04-05T05:05:37Z" name="testMethod1" finished-at="2019-04-05T05:05:37Z" duration-ms="1" status="PASS">
          <reporter-output>
          </reporter-output>
        </test-method> <!-- testMethod1 -->
        <test-method is-config="true" signature="beforeMethod()[pri:0, instance:regressionsuite.TestNG_TestClass2@7494f96a]" started-at="2019-04-05T05:05:37Z" name="beforeMethod" finished-at="2019-04-05T05:05:37Z" duration-ms="0" status="PASS">
          <reporter-output>
          </reporter-output>
        </test-method> <!-- beforeMethod -->
        <test-method is-config="true" signature="afterMethod()[pri:0, instance:regressionsuite.TestNG_TestClass2@7494f96a]" started-at="2019-04-05T05:05:37Z" name="afterMethod" finished-at="2019-04-05T05:05:37Z" duration-ms="1" status="PASS">
          <reporter-output>
          </reporter-output>
        </test-method> <!-- afterMethod -->
        <test-method is-config="true" signature="beforeMethod()[pri:0, instance:regressionsuite.TestNG_TestClass2@7494f96a]" started-at="2019-04-05T05:05:37Z" name="beforeMethod" finished-at="2019-04-05T05:05:37Z" duration-ms="0" status="PASS">
          <reporter-output>
          </reporter-output>
        </test-method> <!-- beforeMethod -->
        <test-method signature="testMethod2()[pri:0, instance:regressionsuite.TestNG_TestClass2@7494f96a]" started-at="2019-04-05T05:05:37Z" name="testMethod2" finished-at="2019-04-05T05:05:37Z" duration-ms="2" status="PASS">
          <reporter-output>
          </reporter-output>
        </test-method> <!-- testMethod2 -->
        <test-method is-config="true" signature="afterMethod()[pri:0, instance:regressionsuite.TestNG_TestClass2@7494f96a]" started-at="2019-04-05T05:05:37Z" name="afterMethod" finished-at="2019-04-05T05:05:37Z" duration-ms="1" status="PASS">
          <reporter-output>
          </reporter-output>
        </test-method> <!-- afterMethod -->
        <test-method is-config="true" signature="afterClass()[pri:0, instance:regressionsuite.TestNG_TestClass2@7494f96a]" started-at="2019-04-05T05:05:37Z" name="afterClass" finished-at="2019-04-05T05:05:37Z" duration-ms="0" status="PASS">
          <reporter-output>
          </reporter-output>
        </test-method> <!-- afterClass -->
        <test-method is-config="true" signature="afterTest()[pri:0, instance:regressionsuite.TestNG_TestClass2@7494f96a]" started-at="2019-04-05T05:05:37Z" name="afterTest" finished-at="2019-04-05T05:05:37Z" duration-ms="0" status="PASS">
          <reporter-output>
          </reporter-output>
        </test-method> <!-- afterTest -->
        <test-method is-config="true" signature="cleanUp()[pri:0, instance:regressionsuite.TestNG_TestClass2@7494f96a]" started-at="2019-04-05T05:05:37Z" name="cleanUp" finished-at="2019-04-05T05:05:37Z" duration-ms="0" status="PASS">
          <reporter-output>
          </reporter-output>
        </test-method> <!-- cleanUp -->
        <test-method is-config="true" signature="afterSuite()[pri:0, instance:regressionsuite.TestNG_TestClass2@7494f96a]" started-at="2019-04-05T05:05:37Z" name="afterSuite" finished-at="2019-04-05T05:05:37Z" duration-ms="0" status="PASS">
          <reporter-output>
          </reporter-output>
        </test-method> <!-- afterSuite -->
      </class> <!-- regressionsuite.TestNG_TestClass2 -->
    </test> <!-- Application Test 2 -->
  </suite> <!-- Complete TestSuite -->
</testng-results>
