<?xml version="1.0" encoding="UTF-8"?>
<!-- Generated by org.testng.reporters.JUnitXMLReporter -->
<testsuite ignored="2" hostname="LAPTOP-JOBMVT2Q" failures="0" tests="4" name="Application Test" time="0.031" errors="0" timestamp="05 Apr 2019 04:52:07 GMT">
  <testcase classname="regressionsuite.TestNG_TestClass1" name="testMethod1" time="0.016"/>
  <testcase classname="regressionsuite.TestNG_TestClass1" name="testMethod2" time="0.0"/>
  <testcase classname="regressionsuite.TestNG_TestClass2" name="testMethod1" time="0.0"/>
  <testcase classname="regressionsuite.TestNG_TestClass2" name="testMethod2" time="0.0"/>
  <testcase classname="base.BaseTestSuite" name="@BeforeSuite beforeSuite" time="0.0">
    <ignored/>
  </testcase> <!-- @BeforeSuite beforeSuite -->
  <testcase classname="base.BaseTestSuite" name="@AfterSuite afterSuite" time="0.0">
    <ignored/>
  </testcase> <!-- @AfterSuite afterSuite -->
</testsuite> <!-- Application Test -->
