<?xml version="1.0" encoding="UTF-8"?>
<!-- Generated by org.testng.reporters.JUnitXMLReporter -->
<testsuite ignored="0" hostname="LAPTOP-JOBMVT2Q" failures="1" tests="3" name="Application Test" time="0.03" errors="0" timestamp="13 Apr 2019 10:25:04 GMT">
  <testcase classname="testClasses.ReportsAndLogs" name="testMethod2" time="0.005">
    <failure type="java.lang.AssertionError" message="expected [true] but found [false]">
      <![CDATA[java.lang.AssertionError: expected [true] but found [false]
at testClasses.ReportsAndLogs.testMethod2(ReportsAndLogs.java:42)
... Removed 29 stack frames]]>
    </failure>
  </testcase> <!-- testMethod2 -->
  <testcase classname="testClasses.ReportsAndLogs" name="testMethod1" time="0.0"/>
  <testcase classname="testClasses.ReportsAndLogs" name="testMethod3" time="0.0">
    <skipped/>
  </testcase> <!-- testMethod3 -->
</testsuite> <!-- Application Test -->
