<?xml version="1.0" encoding="UTF-8"?>
<!-- Generated by org.testng.reporters.JUnitXMLReporter -->
<testsuite ignored="2" hostname="LAPTOP-JOBMVT2Q" failures="0" tests="2" name="GroupsDemo" time="0.027" errors="0" timestamp="05 Apr 2019 06:15:54 GMT">
  <testcase classname="testClasses.TestNG_Grouping" name="testAudiA6" time="0.004"/>
  <testcase classname="testClasses.TestNG_Grouping" name="testBMWX6" time="0.001"/>
  <testcase classname="testClasses.TestNG_Grouping" name="testNinja" time="0.0">
    <ignored/>
  </testcase> <!-- testNinja -->
  <testcase classname="testClasses.TestNG_Grouping" name="testHondaCBR" time="0.0">
    <ignored/>
  </testcase> <!-- testHondaCBR -->
</testsuite> <!-- GroupsDemo -->
