<?xml version="1.0" encoding="UTF-8"?>
<!-- Generated by org.testng.reporters.JUnitXMLReporter -->
<testsuite ignored="1" hostname="LAPTOP-JOBMVT2Q" failures="0" tests="1" name="Default test" time="0.237" errors="0" timestamp="05 Apr 2019 10:23:10 GMT">
  <testcase classname="testClasses.TestNG_EnableTimeout" name="testMethod2" time="0.209"/>
  <testcase classname="testClasses.TestNG_EnableTimeout" name="testMethod1" time="0.0">
    <ignored/>
  </testcase> <!-- testMethod1 -->
</testsuite> <!-- Default test -->
