<?xml version="1.0" encoding="UTF-8"?>
<!-- Generated by org.testng.reporters.JUnitXMLReporter -->
<testsuite ignored="0" hostname="LAPTOP-JOBMVT2Q" failures="0" tests="3" name="Default test" time="0.031" errors="0" timestamp="05 Apr 2019 05:40:30 GMT">
  <testcase classname="testClasses.TestNG_Priority" name="testMethod3" time="0.016"/>
  <testcase classname="testClasses.TestNG_Priority" name="testMethod2" time="0.0"/>
  <testcase classname="testClasses.TestNG_Priority" name="testMethod1" time="0.0"/>
</testsuite> <!-- Default test -->
