<?xml version="1.0" encoding="UTF-8"?>
<testng-results ignored="0" total="1" passed="1" failed="0" skipped="0">
  <reporter-output>
  </reporter-output>
  <suite started-at="2019-04-28T14:17:07Z" name="Default suite" finished-at="2019-04-28T14:17:41Z" duration-ms="34073">
    <groups>
    </groups>
    <test started-at="2019-04-28T14:17:07Z" name="Default test" finished-at="2019-04-28T14:17:41Z" duration-ms="34073">
      <class name="fileUpload.FileUploadWindowsAutoIT">
        <test-method is-config="true" signature="beforeClass()[pri:0, instance:fileUpload.FileUploadWindowsAutoIT@63475ace]" started-at="2019-04-28T14:17:07Z" name="beforeClass" finished-at="2019-04-28T14:17:14Z" duration-ms="6935" status="PASS">
          <reporter-output>
          </reporter-output>
        </test-method> <!-- beforeClass -->
        <test-method signature="fileUpload()[pri:0, instance:fileUpload.FileUploadWindowsAutoIT@63475ace]" started-at="2019-04-28T14:17:14Z" name="fileUpload" finished-at="2019-04-28T14:17:38Z" duration-ms="24029" status="PASS">
          <reporter-output>
          </reporter-output>
        </test-method> <!-- fileUpload -->
        <test-method is-config="true" signature="afterClass()[pri:0, instance:fileUpload.FileUploadWindowsAutoIT@63475ace]" started-at="2019-04-28T14:17:38Z" name="afterClass" finished-at="2019-04-28T14:17:41Z" duration-ms="3093" status="PASS">
          <reporter-output>
          </reporter-output>
        </test-method> <!-- afterClass -->
      </class> <!-- fileUpload.FileUploadWindowsAutoIT -->
    </test> <!-- Default test -->
  </suite> <!-- Default suite -->
</testng-results>
