<?xml version="1.0" encoding="UTF-8"?>
<testng-results ignored="0" total="1" passed="1" failed="0" skipped="0">
  <reporter-output>
  </reporter-output>
  <suite started-at="2019-04-15T09:08:24Z" name="Default suite" finished-at="2019-04-15T09:08:48Z" duration-ms="23558">
    <groups>
    </groups>
    <test started-at="2019-04-15T09:08:24Z" name="Default test" finished-at="2019-04-15T09:08:48Z" duration-ms="23558">
      <class name="datadriven.UsingExcel_SingleDataSet">
        <test-method is-config="true" signature="setUp()[pri:0, instance:datadriven.UsingExcel_SingleDataSet@63475ace]" started-at="2019-04-15T09:08:24Z" name="setUp" finished-at="2019-04-15T09:08:39Z" duration-ms="14828" status="PASS">
          <reporter-output>
          </reporter-output>
        </test-method> <!-- setUp -->
        <test-method signature="testUsingExcel()[pri:0, instance:datadriven.UsingExcel_SingleDataSet@63475ace]" started-at="2019-04-15T09:08:39Z" name="testUsingExcel" finished-at="2019-04-15T09:08:47Z" duration-ms="7795" status="PASS">
          <reporter-output>
          </reporter-output>
        </test-method> <!-- testUsingExcel -->
        <test-method is-config="true" signature="tearDown()[pri:0, instance:datadriven.UsingExcel_SingleDataSet@63475ace]" started-at="2019-04-15T09:08:47Z" name="tearDown" finished-at="2019-04-15T09:08:48Z" duration-ms="916" status="PASS">
          <reporter-output>
          </reporter-output>
        </test-method> <!-- tearDown -->
      </class> <!-- datadriven.UsingExcel_SingleDataSet -->
    </test> <!-- Default test -->
  </suite> <!-- Default suite -->
</testng-results>
