<?xml version="1.0" encoding="UTF-8"?>
<!-- Generated by org.testng.reporters.JUnitXMLReporter -->
<testsuite ignored="0" hostname="LAPTOP-JOBMVT2Q" failures="1" tests="2" name="Application Test 2" time="0.005" errors="0" timestamp="13 Apr 2019 08:34:14 GMT">
  <testcase classname="testClasses.TestNG_ListenersTest2" name="testMethod1" time="0.001"/>
  <testcase classname="testClasses.TestNG_ListenersTest2" name="testMethod2" time="0.001">
    <failure type="java.lang.AssertionError" message="expected [true] but found [false]">
      <![CDATA[java.lang.AssertionError: expected [true] but found [false]
at testClasses.TestNG_ListenersTest2.testMethod2(TestNG_ListenersTest2.java:34)
... Removed 29 stack frames]]>
    </failure>
  </testcase> <!-- testMethod2 -->
</testsuite> <!-- Application Test 2 -->
