<?xml version="1.0" encoding="UTF-8"?>
<!-- Generated by org.testng.reporters.JUnitXMLReporter -->
<testsuite ignored="0" hostname="LAPTOP-JOBMVT2Q" failures="1" tests="2" name="Application Test" time="0.032" errors="0" timestamp="09 Apr 2019 02:04:44 GMT">
  <testcase classname="testClasses.TestNG_ListenersTest1" name="testMethod1" time="0.004"/>
  <testcase classname="testClasses.TestNG_ListenersTest1" name="testMethod2" time="0.002">
    <failure type="java.lang.AssertionError" message="expected [true] but found [false]">
      <![CDATA[java.lang.AssertionError: expected [true] but found [false]
at testClasses.TestNG_ListenersTest1.testMethod2(TestNG_ListenersTest1.java:34)
... Removed 29 stack frames]]>
    </failure>
  </testcase> <!-- testMethod2 -->
</testsuite> <!-- Application Test -->
