<?xml version="1.0" encoding="UTF-8"?>
<!-- Generated by org.testng.reporters.JUnitXMLReporter -->
<testsuite ignored="0" hostname="LAPTOP-JOBMVT2Q" failures="0" tests="4" name="Test 2" time="0.007" errors="0" timestamp="05 Apr 2019 10:36:32 GMT">
  <testcase classname="testClasses.preserve2" name="testMethod1" time="0.001"/>
  <testcase classname="testClasses.preserve2" name="testMethod2" time="0.0"/>
  <testcase classname="testClasses.preserve1" name="testMethod1" time="0.001"/>
  <testcase classname="testClasses.preserve1" name="testMethod2" time="0.0"/>
</testsuite> <!-- Test 2 -->
